<?xml version="1.0" encoding="UTF-8"?>
<!-- Generated by org.testng.reporters.JUnitReportReporter -->
<testsuite hostname="DESKTOP-7LUH7AU" failures="0" tests="1" name="com.ws.base.DriverScript" time="11.305" errors="0" timestamp="2024-02-22T05:51:53 EST" skipped="0">
  <testcase classname="com.ws.base.DriverScript" name="initApplication" time="11.305"/>
  <system-out/>
</testsuite> <!-- com.ws.base.DriverScript -->
