<?xml version="1.0" encoding="UTF-8"?>
<!-- Generated by org.testng.reporters.JUnitReportReporter -->
<testsuite hostname="DESKTOP-7LUH7AU" failures="0" tests="1" name="com.ws.tests.BooksPageTest" time="9.802" errors="0" timestamp="2024-03-03T22:08:33 EST" skipped="0">
  <testcase classname="com.ws.tests.BooksPageTest" name="testbookspage" time="9.802"/>
  <system-out/>
</testsuite> <!-- com.ws.tests.BooksPageTest -->
