<?xml version="1.0" encoding="UTF-8"?>
<!-- Generated by org.testng.reporters.JUnitReportReporter -->
<testsuite hostname="DESKTOP-7LUH7AU" failures="0" tests="3" name="com.ws.tests.LogInPageTest" time="141.869" errors="0" timestamp="2024-02-29T12:32:59 EST" skipped="0">
  <testcase classname="com.ws.tests.LogInPageTest" name="testForgotPasswordLink" time="28.538"/>
  <system-out/>
  <testcase classname="com.ws.tests.LogInPageTest" name="testLoginFucntion" time="88.404"/>
  <system-out/>
  <testcase classname="com.ws.tests.LogInPageTest" name="testHomePageTitle" time="24.927"/>
  <system-out/>
</testsuite> <!-- com.ws.tests.LogInPageTest -->
