<?xml version="1.0" encoding="UTF-8"?>
<!-- Generated by org.testng.reporters.JUnitReportReporter -->
<testsuite hostname="DESKTOP-7LUH7AU" failures="0" tests="3" name="com.ws.tests.LogInPageTest" time="22.638" errors="0" timestamp="2024-02-22T19:07:31 EST" skipped="0">
  <testcase classname="com.ws.tests.LogInPageTest" name="testForgotPasswordLink" time="7.715"/>
  <system-out/>
  <testcase classname="com.ws.tests.LogInPageTest" name="testHomePageTitle" time="5.625"/>
  <system-out/>
  <testcase classname="com.ws.tests.LogInPageTest" name="testLoginFucntion" time="9.298"/>
  <system-out/>
</testsuite> <!-- com.ws.tests.LogInPageTest -->
