<?xml version="1.0" encoding="UTF-8"?>
<!-- Generated by org.testng.reporters.JUnitReportReporter -->
<testsuite hostname="DESKTOP-7LUH7AU" failures="0" tests="1" name="com.ws.tests.ComputerpageTest" time="10.881" errors="0" timestamp="2024-03-03T16:35:04 EST" skipped="0">
  <testcase classname="com.ws.tests.ComputerpageTest" name="computerheadertext" time="10.881"/>
  <system-out/>
</testsuite> <!-- com.ws.tests.ComputerpageTest -->
