<?xml version="1.0" encoding="UTF-8"?>
<!-- Generated by org.testng.reporters.JUnitReportReporter -->
<testsuite hostname="DESKTOP-7LUH7AU" failures="0" tests="4" name="com.ws.tests.LogInPageTest" time="8.908" errors="0" timestamp="2024-03-01T00:11:45 EST" skipped="3">
  <testcase classname="com.ws.tests.LogInPageTest" name="testinvalidemailid" time="8.908"/>
  <system-out/>
  <testcase classname="com.ws.tests.LogInPageTest" name="testForgotPasswordLink">
    <skipped/>
  </testcase> <!-- testForgotPasswordLink -->
  <system-out/>
  <testcase classname="com.ws.tests.LogInPageTest" name="testHomePageTitle">
    <skipped/>
  </testcase> <!-- testHomePageTitle -->
  <system-out/>
  <testcase classname="com.ws.tests.LogInPageTest" name="testLoginFucntion">
    <skipped/>
  </testcase> <!-- testLoginFucntion -->
  <system-out/>
</testsuite> <!-- com.ws.tests.LogInPageTest -->
