<?xml version="1.0" encoding="UTF-8"?>
<!-- Generated by org.testng.reporters.JUnitReportReporter -->
<testsuite hostname="DESKTOP-7LUH7AU" failures="0" tests="1" name="com.ws.tests.GiftCardPageTest" time="10.787" errors="0" timestamp="2024-03-05T15:00:09 EST" skipped="0">
  <testcase classname="com.ws.tests.GiftCardPageTest" name="testgiftcardpage" time="10.787"/>
  <system-out/>
</testsuite> <!-- com.ws.tests.GiftCardPageTest -->
