<?xml version="1.0" encoding="UTF-8"?>
<!-- Generated by org.testng.reporters.JUnitReportReporter -->
<testsuite hostname="DESKTOP-7LUH7AU" failures="0" tests="3" name="com.ws.tests.RegisterTest" time="23.621" errors="0" timestamp="2024-03-03T16:53:41 EST" skipped="1">
  <testcase classname="com.ws.tests.RegisterTest" name="testregisterpage" time="10.952"/>
  <system-out/>
  <testcase classname="com.ws.tests.RegisterTest" name="testregisterpage" time="12.669"/>
  <system-out/>
  <testcase classname="com.ws.tests.RegisterTest" name="testHomePageTitle">
    <skipped/>
  </testcase> <!-- testHomePageTitle -->
  <system-out/>
</testsuite> <!-- com.ws.tests.RegisterTest -->
